2016-11-20 23:26:47 EXEC TRACE - Model executor started.
2016-11-20 23:27:01 EXEC TRACE - Model executor started.
2016-11-20 23:27:21 EXEC TRACE - Model executor started.
2016-11-20 23:27:30 EXEC TRACE - Model executor started.
2016-11-20 23:29:28 EXEC TRACE - Model executor started.
2016-11-20 23:30:27 EXEC TRACE - Model executor started.
2016-11-20 23:31:18 EXEC TRACE - Model executor started.
2016-11-20 23:35:18 EXEC TRACE - Model executor started.
2016-11-20 23:35:18 EXEC TRACE - ATM@obj0 leaves initial:Init
2016-11-20 23:35:18 EXEC TRACE - ATM@obj0 uses transition:InitReady
2016-11-20 23:35:18 EXEC TRACE - ATM@obj0 enters state:Ready
2016-11-20 23:35:21 EXEC TRACE - Model executor started.
2016-11-20 23:35:22 EXEC TRACE - ATM@obj0 leaves initial:Init
2016-11-20 23:35:22 EXEC TRACE - ATM@obj0 uses transition:InitReady
2016-11-20 23:35:22 EXEC TRACE - ATM@obj0 enters state:Ready
2016-11-20 23:36:17 EXEC TRACE - Model executor started.
2016-11-20 23:36:17 EXEC TRACE - ATM@obj0 leaves initial:Init
2016-11-20 23:36:17 EXEC TRACE - ATM@obj0 uses transition:InitReady
2016-11-20 23:36:17 EXEC TRACE - ATM@obj0 enters state:Ready
2016-11-20 23:37:47 EXEC TRACE - Model executor started.
2016-11-20 23:37:48 EXEC TRACE - ATM@obj0 leaves initial:Init
2016-11-20 23:37:48 EXEC TRACE - ATM@obj0 uses transition:InitReady
2016-11-20 23:37:48 EXEC TRACE - ATM@obj0 enters state:Ready
2016-11-20 23:40:29 EXEC TRACE - Model executor started.
2016-11-20 23:40:30 EXEC TRACE - ATM@obj0 leaves initial:Init
2016-11-20 23:40:30 EXEC TRACE - ATM@obj0 uses transition:InitReady
2016-11-20 23:40:30 EXEC TRACE - ATM@obj0 enters state:Ready
2016-11-20 23:41:15 EXEC TRACE - Model executor started.
2016-11-20 23:41:16 EXEC TRACE - ATM@obj0 leaves initial:Init
2016-11-20 23:41:16 EXEC TRACE - ATM@obj0 uses transition:InitReady
2016-11-20 23:41:16 EXEC TRACE - ATM@obj0 enters state:Ready
2016-11-20 23:41:41 EXEC TRACE - Model executor started.
2016-11-20 23:41:41 EXEC TRACE - ATM@obj0 leaves initial:Init
2016-11-20 23:41:41 EXEC TRACE - ATM@obj0 uses transition:InitReady
2016-11-20 23:41:41 EXEC TRACE - ATM@obj0 enters state:Ready
2016-11-20 23:43:00 EXEC TRACE - Model executor started.
2016-11-20 23:43:01 EXEC TRACE - ATM@obj0 leaves initial:Init
2016-11-20 23:43:01 EXEC TRACE - ATM@obj0 uses transition:InitReady
2016-11-20 23:43:01 EXEC TRACE - ATM@obj0 enters state:Ready
2016-11-20 23:43:39 EXEC TRACE - Model executor started.
2016-11-20 23:43:40 EXEC TRACE - ATM@obj0 leaves initial:Init
2016-11-20 23:43:40 EXEC TRACE - ATM@obj0 uses transition:InitReady
2016-11-20 23:43:40 EXEC TRACE - ATM@obj0 enters state:Ready
2016-11-20 23:43:57 EXEC TRACE - Model executor started.
2016-11-20 23:43:58 EXEC TRACE - ATM@obj0 leaves initial:Init
2016-11-20 23:43:58 EXEC TRACE - ATM@obj0 uses transition:InitReady
2016-11-20 23:43:58 EXEC TRACE - ATM@obj0 enters state:Ready
2016-11-20 23:44:12 EXEC TRACE - Model executor started.
2016-11-20 23:44:12 EXEC TRACE - ATM@obj0 leaves initial:Init
2016-11-20 23:44:12 EXEC TRACE - ATM@obj0 uses transition:InitReady
2016-11-20 23:44:12 EXEC TRACE - ATM@obj0 enters state:Ready
2016-11-21 02:42:18 EXEC TRACE - Model executor started.
2016-11-21 02:42:21 EXEC TRACE - ATM@obj0 leaves initial:Init
2016-11-21 02:42:21 EXEC TRACE - ATM@obj0 uses transition:InitReady
2016-11-21 02:42:21 EXEC TRACE - ATM@obj0 enters state:Ready
2016-11-21 03:04:59 EXEC TRACE - Model executor started.
2016-11-21 03:05:00 EXEC TRACE - ATM@obj0 leaves initial:Init
2016-11-21 03:05:00 EXEC TRACE - ATM@obj0 uses transition:InitReady
2016-11-21 03:05:00 EXEC TRACE - ATM@obj0 enters state:Ready
2016-11-21 03:05:03 EXEC TRACE - ATM@obj0 processes signal:InsertCard
2016-11-21 03:05:03 EXEC TRACE - ATM@obj0 leaves state:Ready
2016-11-21 03:05:03 EXEC TRACE - ATM@obj0 uses transition:BankCardInserted
2016-11-21 03:05:03 EXEC TRACE - ATM@obj0 enters state:RetrieveBankCardinfo
2016-11-21 03:05:06 EXEC TRACE - ATM@obj0 processes signal:InsertCard
2016-11-21 03:05:06 EXEC  WARN - A signal arrived to model object ATM@obj0 but it was not processed by the object's state machine. The signal was: signal:InsertCard
2016-11-21 03:14:58 EXEC TRACE - Model executor started.
2016-11-21 03:14:58 EXEC TRACE - ATM@obj0 leaves initial:Init
2016-11-21 03:14:58 EXEC TRACE - ATM@obj0 uses transition:InitReady
2016-11-21 03:14:58 EXEC TRACE - ATM@obj0 enters state:Ready
2016-11-21 03:15:01 EXEC TRACE - ATM@obj0 processes signal:InsertCard
2016-11-21 03:15:01 EXEC TRACE - ATM@obj0 leaves state:Ready
2016-11-21 03:15:01 EXEC TRACE - ATM@obj0 uses transition:BankCardInserted
2016-11-21 03:15:01 EXEC TRACE - ATM@obj0 enters state:RetrieveBankCardinfo
2016-11-21 03:25:26 SYS   INFO - txtUML Diagnostics connection is set on 55352 for service instance 0xadc664fe
2016-11-21 03:25:26 EXEC TRACE - Model executor started.
2016-11-21 03:25:26 EXEC TRACE - ATM@obj0 leaves initial:Init
2016-11-21 03:25:27 EXEC TRACE - ATM@obj0 uses transition:InitReady
2016-11-21 03:25:29 EXEC TRACE - ATM@obj0 enters state:Ready
2016-11-21 03:25:33 EXEC TRACE - ATM@obj0 processes signal:InsertCard
2016-11-21 03:25:33 EXEC TRACE - ATM@obj0 leaves state:Ready
2016-11-21 03:25:34 EXEC TRACE - ATM@obj0 uses transition:BankCardInserted
2016-11-21 03:25:35 EXEC TRACE - ATM@obj0 enters state:RetrieveBankCardinfo
2016-11-21 03:25:42 EXEC TRACE - ATM@obj0 processes signal:infoEntered
2016-11-21 03:25:42 EXEC TRACE - ATM@obj0 leaves state:RetrieveBankCardinfo
2016-11-21 03:25:43 EXEC TRACE - ATM@obj0 uses transition:PinCodeEntered
2016-11-21 03:25:44 EXEC TRACE - ATM@obj0 enters choice:CheckPinCode
2016-11-21 03:25:46 EXEC TRACE - ATM@obj0 leaves choice:CheckPinCode
2016-11-21 03:25:47 EXEC TRACE - ATM@obj0 uses transition:CheckPinFalse
2016-11-21 03:25:48 EXEC TRACE - ATM@obj0 enters state:OutputCard
2016-11-21 03:37:49 EXEC TRACE - Model executor started.
2016-11-21 03:37:50 EXEC TRACE - ATM@obj0 leaves initial:Init
2016-11-21 03:37:50 EXEC TRACE - ATM@obj0 uses transition:InitReady
2016-11-21 03:37:50 EXEC TRACE - ATM@obj0 enters state:Ready
2016-11-21 03:39:12 EXEC TRACE - Model executor started.
2016-11-21 03:39:13 EXEC TRACE - ATM@obj0 leaves initial:Init
2016-11-21 03:39:13 EXEC TRACE - ATM@obj0 uses transition:InitReady
2016-11-21 03:39:13 EXEC TRACE - ATM@obj0 enters state:Ready
2016-11-21 03:39:19 EXEC TRACE - ATM@obj0 processes signal:InsertCard
2016-11-21 03:39:19 EXEC TRACE - ATM@obj0 leaves state:Ready
2016-11-21 03:39:19 EXEC TRACE - ATM@obj0 uses transition:BankCardInserted
2016-11-21 03:39:19 EXEC TRACE - ATM@obj0 enters state:RetrieveBankCardinfo
2016-11-21 03:39:57 EXEC TRACE - Model executor started.
2016-11-21 03:39:57 EXEC TRACE - ATM@obj0 leaves initial:Init
2016-11-21 03:39:57 EXEC TRACE - ATM@obj0 uses transition:InitReady
2016-11-21 03:39:57 EXEC TRACE - ATM@obj0 enters state:Ready
2016-11-21 03:39:59 EXEC TRACE - ATM@obj0 processes signal:InsertCard
2016-11-21 03:39:59 EXEC TRACE - ATM@obj0 leaves state:Ready
2016-11-21 03:39:59 EXEC TRACE - ATM@obj0 uses transition:BankCardInserted
2016-11-21 03:39:59 EXEC TRACE - ATM@obj0 enters state:RetrieveBankCardinfo
2016-11-21 03:40:16 EXEC TRACE - Model executor started.
2016-11-21 03:40:17 EXEC TRACE - ATM@obj0 leaves initial:Init
2016-11-21 03:40:17 EXEC TRACE - ATM@obj0 uses transition:InitReady
2016-11-21 03:40:17 EXEC TRACE - ATM@obj0 enters state:Ready
2016-11-21 03:40:18 EXEC TRACE - ATM@obj0 processes signal:InsertCard
2016-11-21 03:40:18 EXEC TRACE - ATM@obj0 leaves state:Ready
2016-11-21 03:40:18 EXEC TRACE - ATM@obj0 uses transition:BankCardInserted
2016-11-21 03:40:18 EXEC TRACE - ATM@obj0 enters state:RetrieveBankCardinfo
2016-11-21 03:40:28 EXEC TRACE - Model executor started.
2016-11-21 03:40:28 EXEC TRACE - ATM@obj0 leaves initial:Init
2016-11-21 03:40:28 EXEC TRACE - ATM@obj0 uses transition:InitReady
2016-11-21 03:40:28 EXEC TRACE - ATM@obj0 enters state:Ready
2016-11-21 03:40:30 EXEC TRACE - ATM@obj0 processes signal:InsertCard
2016-11-21 03:40:30 EXEC TRACE - ATM@obj0 leaves state:Ready
2016-11-21 03:40:30 EXEC TRACE - ATM@obj0 uses transition:BankCardInserted
2016-11-21 03:40:30 EXEC TRACE - ATM@obj0 enters state:RetrieveBankCardinfo
2016-11-21 03:41:04 EXEC TRACE - Model executor started.
2016-11-21 03:41:05 EXEC TRACE - ATM@obj0 leaves initial:Init
2016-11-21 03:41:05 EXEC TRACE - ATM@obj0 uses transition:InitReady
2016-11-21 03:41:05 EXEC TRACE - ATM@obj0 enters state:Ready
2016-11-21 03:41:06 EXEC TRACE - ATM@obj0 processes signal:InsertCard
2016-11-21 03:41:06 EXEC TRACE - ATM@obj0 leaves state:Ready
2016-11-21 03:41:06 EXEC TRACE - ATM@obj0 uses transition:BankCardInserted
2016-11-21 03:41:06 EXEC TRACE - ATM@obj0 enters state:RetrieveBankCardinfo
2016-11-21 03:41:28 EXEC TRACE - Model executor started.
2016-11-21 03:41:29 EXEC TRACE - ATM@obj0 leaves initial:Init
2016-11-21 03:41:29 EXEC TRACE - ATM@obj0 uses transition:InitReady
2016-11-21 03:41:29 EXEC TRACE - ATM@obj0 enters state:Ready
2016-11-21 03:41:30 EXEC TRACE - ATM@obj0 processes signal:infoEntered
2016-11-21 03:41:30 EXEC  WARN - A signal arrived to model object ATM@obj0 but it was not processed by the object's state machine. The signal was: signal:infoEntered
2016-11-21 03:41:31 EXEC TRACE - ATM@obj0 processes signal:InsertCard
2016-11-21 03:41:31 EXEC TRACE - ATM@obj0 leaves state:Ready
2016-11-21 03:41:31 EXEC TRACE - ATM@obj0 uses transition:BankCardInserted
2016-11-21 03:41:31 EXEC TRACE - ATM@obj0 enters state:RetrieveBankCardinfo
2016-11-21 03:41:38 EXEC TRACE - ATM@obj0 processes signal:done
2016-11-21 03:41:38 EXEC  WARN - A signal arrived to model object ATM@obj0 but it was not processed by the object's state machine. The signal was: signal:done
2016-11-21 03:41:45 EXEC TRACE - ATM@obj0 processes signal:infoEntered
2016-11-21 03:41:45 EXEC TRACE - ATM@obj0 leaves state:RetrieveBankCardinfo
2016-11-21 03:41:45 EXEC TRACE - ATM@obj0 uses transition:PinCodeEntered
2016-11-21 03:41:45 EXEC TRACE - ATM@obj0 enters choice:CheckPinCode
2016-11-21 03:41:45 EXEC TRACE - ATM@obj0 leaves choice:CheckPinCode
2016-11-21 03:41:45 EXEC TRACE - ATM@obj0 uses transition:CheckPinTrue
2016-11-21 03:41:45 EXEC TRACE - ATM@obj0 enters state:ChooseService
2016-11-21 03:41:50 EXEC TRACE - ATM@obj0 processes signal:done
2016-11-21 03:41:50 EXEC  WARN - A signal arrived to model object ATM@obj0 but it was not processed by the object's state machine. The signal was: signal:done
2016-11-21 03:41:51 EXEC TRACE - ATM@obj0 processes signal:infoEntered
2016-11-21 03:41:51 EXEC TRACE - ATM@obj0 leaves state:ChooseService
2016-11-21 03:41:51 EXEC TRACE - ATM@obj0 uses transition:SelectedChoice
2016-11-21 03:41:51 EXEC TRACE - ATM@obj0 enters choice:ServiceChosen
2016-11-21 03:41:51 SYS  ERROR - Exception thrown on a model executor thread (id: 0). Trying to continue by processing the next signal.
java.lang.NullPointerException
	at model.ATM$BalanceInfo.guard(ATM.java:195)
	at hu.elte.txtuml.api.model.execution.impl.sm.TransitionWrapper.checkGuard(TransitionWrapper.java:30)
	at hu.elte.txtuml.api.model.execution.impl.base.AbstractModelClassWrapper.findAndExecuteTransitionFromChoice(AbstractModelClassWrapper.java:259)
	at hu.elte.txtuml.api.model.execution.impl.base.AbstractModelClassWrapper.findAndExecuteTransition(AbstractModelClassWrapper.java:242)
	at hu.elte.txtuml.api.model.execution.impl.base.AbstractModelClassWrapper.process(AbstractModelClassWrapper.java:165)
	at hu.elte.txtuml.api.model.execution.impl.base.AbstractModelClassWrapper.receive(AbstractModelClassWrapper.java:122)
	at hu.elte.txtuml.api.model.execution.impl.base.FIFOModelExecutorThread.lambda$2(FIFOModelExecutorThread.java:47)
	at hu.elte.txtuml.api.model.execution.impl.base.FIFOModelExecutorThread.processNext(FIFOModelExecutorThread.java:26)
	at hu.elte.txtuml.api.model.execution.impl.base.ModelExecutorThread.run(ModelExecutorThread.java:112)
2016-11-21 03:41:53 EXEC TRACE - ATM@obj0 processes signal:InsertCard
2016-11-21 03:41:53 EXEC  WARN - A signal arrived to model object ATM@obj0 but it was not processed by the object's state machine. The signal was: signal:InsertCard
2016-11-21 03:42:22 EXEC TRACE - Model executor started.
2016-11-21 03:42:22 EXEC TRACE - ATM@obj0 leaves initial:Init
2016-11-21 03:42:22 EXEC TRACE - ATM@obj0 uses transition:InitReady
2016-11-21 03:42:22 EXEC TRACE - ATM@obj0 enters state:Ready
2016-11-21 03:42:24 EXEC TRACE - ATM@obj0 processes signal:InsertCard
2016-11-21 03:42:24 EXEC TRACE - ATM@obj0 leaves state:Ready
2016-11-21 03:42:24 EXEC TRACE - ATM@obj0 uses transition:BankCardInserted
2016-11-21 03:42:24 EXEC TRACE - ATM@obj0 enters state:RetrieveBankCardinfo
2016-11-21 03:42:27 EXEC TRACE - ATM@obj0 processes signal:infoEntered
2016-11-21 03:42:27 EXEC TRACE - ATM@obj0 leaves state:RetrieveBankCardinfo
2016-11-21 03:42:27 EXEC TRACE - ATM@obj0 uses transition:PinCodeEntered
2016-11-21 03:42:27 EXEC TRACE - ATM@obj0 enters choice:CheckPinCode
2016-11-21 03:42:27 EXEC TRACE - ATM@obj0 leaves choice:CheckPinCode
2016-11-21 03:42:27 EXEC TRACE - ATM@obj0 uses transition:CheckPinFalse
2016-11-21 03:42:27 EXEC TRACE - ATM@obj0 enters state:OutputCard
2016-11-21 03:42:35 EXEC TRACE - ATM@obj0 processes signal:done
2016-11-21 03:42:35 EXEC TRACE - ATM@obj0 leaves state:OutputCard
2016-11-21 03:42:35 EXEC TRACE - ATM@obj0 uses transition:BackToReady
2016-11-21 03:42:35 EXEC TRACE - ATM@obj0 enters state:Ready
2016-11-21 04:14:20 SYS   INFO - txtUML Diagnostics connection is set on 56019 for service instance 0x9490e49f
2016-11-21 04:14:20 EXEC TRACE - Model executor started.
2016-11-21 04:14:21 EXEC TRACE - ATM@obj0 leaves initial:Init
2016-11-21 04:14:22 EXEC TRACE - ATM@obj0 uses transition:InitReady
2016-11-21 04:14:23 EXEC TRACE - ATM@obj0 enters state:Ready
2016-11-21 04:14:27 EXEC TRACE - ATM@obj0 processes signal:InsertCard
2016-11-21 04:14:27 EXEC TRACE - ATM@obj0 leaves state:Ready
2016-11-21 04:14:28 EXEC TRACE - ATM@obj0 uses transition:BankCardInserted
2016-11-21 04:14:29 EXEC TRACE - ATM@obj0 enters state:RetrieveBankCardinfo
2016-11-21 04:14:33 EXEC TRACE - ATM@obj0 processes signal:infoEntered
2016-11-21 04:14:33 EXEC TRACE - ATM@obj0 leaves state:RetrieveBankCardinfo
2016-11-21 04:14:35 EXEC TRACE - ATM@obj0 uses transition:PinCodeEntered
2016-11-21 04:14:36 EXEC TRACE - ATM@obj0 enters choice:CheckPinCode
2016-11-21 04:14:37 EXEC TRACE - ATM@obj0 leaves choice:CheckPinCode
2016-11-21 04:14:38 EXEC TRACE - ATM@obj0 uses transition:CheckPinFalse
2016-11-21 04:14:40 EXEC TRACE - ATM@obj0 enters state:OutputCard
2016-11-21 04:14:42 EXEC TRACE - ATM@obj0 processes signal:done
2016-11-21 04:14:42 EXEC TRACE - ATM@obj0 leaves state:OutputCard
2016-11-21 04:14:44 EXEC TRACE - ATM@obj0 uses transition:BackToReady
2016-11-21 04:14:45 EXEC TRACE - ATM@obj0 enters state:Ready
2016-11-21 04:14:50 EXEC TRACE - ATM@obj0 processes signal:InsertCard
2016-11-21 04:14:50 EXEC TRACE - ATM@obj0 leaves state:Ready
2016-11-21 04:14:51 EXEC TRACE - ATM@obj0 uses transition:BankCardInserted
2016-11-21 04:14:54 EXEC TRACE - ATM@obj0 enters state:RetrieveBankCardinfo
2016-11-21 04:15:06 EXEC TRACE - ATM@obj0 processes signal:done
2016-11-21 04:15:06 EXEC  WARN - A signal arrived to model object ATM@obj0 but it was not processed by the object's state machine. The signal was: signal:done
2016-11-21 04:15:06 EXEC TRACE - ATM@obj0 processes signal:infoEntered
2016-11-21 04:15:06 EXEC TRACE - ATM@obj0 leaves state:RetrieveBankCardinfo
2016-11-21 04:15:08 EXEC TRACE - ATM@obj0 uses transition:PinCodeEntered
2016-11-21 04:15:09 EXEC TRACE - ATM@obj0 enters choice:CheckPinCode
2016-11-21 04:15:11 EXEC TRACE - ATM@obj0 leaves choice:CheckPinCode
2016-11-21 04:15:12 EXEC TRACE - ATM@obj0 uses transition:CheckPinTrue
2016-11-21 04:15:13 EXEC TRACE - ATM@obj0 enters state:ChooseService
2016-11-21 04:15:17 EXEC TRACE - ATM@obj0 processes signal:infoEntered
2016-11-21 04:15:17 EXEC TRACE - ATM@obj0 leaves state:ChooseService
2016-11-21 04:15:18 EXEC TRACE - ATM@obj0 uses transition:SelectedChoice
2016-11-21 04:15:19 EXEC TRACE - ATM@obj0 enters choice:ServiceChosen
2016-11-21 04:15:20 EXEC TRACE - ATM@obj0 leaves choice:ServiceChosen
2016-11-21 04:15:21 EXEC TRACE - ATM@obj0 uses transition:BalanceInfo
2016-11-21 04:15:22 EXEC TRACE - ATM@obj0 enters state:printBalanceInfo
2016-11-21 04:15:33 EXEC TRACE - ATM@obj0 processes signal:infoEntered
2016-11-21 04:15:33 EXEC  WARN - A signal arrived to model object ATM@obj0 but it was not processed by the object's state machine. The signal was: signal:infoEntered
2016-11-21 04:15:36 EXEC TRACE - ATM@obj0 processes signal:done
2016-11-21 04:15:36 EXEC TRACE - ATM@obj0 leaves state:printBalanceInfo
2016-11-21 04:15:37 EXEC TRACE - ATM@obj0 uses transition:BackToReady3
2016-11-21 04:15:39 EXEC TRACE - ATM@obj0 enters state:OutputCard
2016-11-21 04:15:41 EXEC TRACE - ATM@obj0 processes signal:done
2016-11-21 04:15:41 EXEC TRACE - ATM@obj0 leaves state:OutputCard
2016-11-21 04:15:42 EXEC TRACE - ATM@obj0 uses transition:BackToReady
2016-11-21 04:15:43 EXEC TRACE - ATM@obj0 enters state:Ready
2016-11-21 04:17:29 EXEC TRACE - Model executor started.
2016-11-21 04:17:30 EXEC TRACE - ATM@obj0 leaves initial:Init
2016-11-21 04:17:30 EXEC TRACE - ATM@obj0 uses transition:InitReady
2016-11-21 04:17:30 EXEC TRACE - ATM@obj0 enters state:Ready
2016-11-21 04:17:33 EXEC TRACE - ATM@obj0 processes signal:InsertCard
2016-11-21 04:17:33 EXEC TRACE - ATM@obj0 leaves state:Ready
2016-11-21 04:17:33 EXEC TRACE - ATM@obj0 uses transition:BankCardInserted
2016-11-21 04:17:33 EXEC TRACE - ATM@obj0 enters state:RetrieveBankCardinfo
2016-11-21 04:17:36 EXEC TRACE - ATM@obj0 processes signal:infoEntered
2016-11-21 04:17:36 EXEC TRACE - ATM@obj0 leaves state:RetrieveBankCardinfo
2016-11-21 04:17:36 EXEC TRACE - ATM@obj0 uses transition:PinCodeEntered
2016-11-21 04:17:36 EXEC TRACE - ATM@obj0 enters choice:CheckPinCode
2016-11-21 04:17:36 EXEC TRACE - ATM@obj0 leaves choice:CheckPinCode
2016-11-21 04:17:36 EXEC TRACE - ATM@obj0 uses transition:CheckPinFalse
2016-11-21 04:17:36 EXEC TRACE - ATM@obj0 enters state:OutputCard
2016-11-21 04:17:39 EXEC TRACE - ATM@obj0 processes signal:done
2016-11-21 04:17:39 EXEC TRACE - ATM@obj0 leaves state:OutputCard
2016-11-21 04:17:39 EXEC TRACE - ATM@obj0 uses transition:BackToReady
2016-11-21 04:17:39 EXEC TRACE - ATM@obj0 enters state:Ready
2016-11-21 04:17:43 EXEC TRACE - ATM@obj0 processes signal:infoEntered
2016-11-21 04:17:43 EXEC  WARN - A signal arrived to model object ATM@obj0 but it was not processed by the object's state machine. The signal was: signal:infoEntered
2016-11-21 04:17:46 EXEC TRACE - ATM@obj0 processes signal:InsertCard
2016-11-21 04:17:46 EXEC TRACE - ATM@obj0 leaves state:Ready
2016-11-21 04:17:46 EXEC TRACE - ATM@obj0 uses transition:BankCardInserted
2016-11-21 04:17:46 EXEC TRACE - ATM@obj0 enters state:RetrieveBankCardinfo
2016-11-21 04:17:49 EXEC TRACE - ATM@obj0 processes signal:done
2016-11-21 04:17:49 EXEC  WARN - A signal arrived to model object ATM@obj0 but it was not processed by the object's state machine. The signal was: signal:done
2016-11-21 04:17:51 EXEC TRACE - ATM@obj0 processes signal:infoEntered
2016-11-21 04:17:51 EXEC TRACE - ATM@obj0 leaves state:RetrieveBankCardinfo
2016-11-21 04:17:51 EXEC TRACE - ATM@obj0 uses transition:PinCodeEntered
2016-11-21 04:17:51 EXEC TRACE - ATM@obj0 enters choice:CheckPinCode
2016-11-21 04:17:51 EXEC TRACE - ATM@obj0 leaves choice:CheckPinCode
2016-11-21 04:17:51 EXEC TRACE - ATM@obj0 uses transition:CheckPinTrue
2016-11-21 04:17:51 EXEC TRACE - ATM@obj0 enters state:ChooseService
2016-11-21 04:17:55 EXEC TRACE - ATM@obj0 processes signal:infoEntered
2016-11-21 04:17:55 EXEC TRACE - ATM@obj0 leaves state:ChooseService
2016-11-21 04:17:55 EXEC TRACE - ATM@obj0 uses transition:SelectedChoice
2016-11-21 04:17:55 EXEC TRACE - ATM@obj0 enters choice:ServiceChosen
2016-11-21 04:17:55 EXEC TRACE - ATM@obj0 leaves choice:ServiceChosen
2016-11-21 04:17:55 EXEC TRACE - ATM@obj0 uses transition:WithdrawalService
2016-11-21 04:17:55 EXEC TRACE - ATM@obj0 enters state:Withdrawal
2016-11-21 04:18:07 EXEC TRACE - ATM@obj0 processes signal:infoEntered
2016-11-21 04:18:07 EXEC TRACE - ATM@obj0 leaves state:Withdrawal
2016-11-21 04:18:07 EXEC TRACE - ATM@obj0 uses transition:ChooseAmount
2016-11-21 04:18:07 EXEC TRACE - ATM@obj0 enters choice:CheckAmountPossible
2016-11-21 04:18:07 EXEC TRACE - ATM@obj0 leaves choice:CheckAmountPossible
2016-11-21 04:18:07 EXEC TRACE - ATM@obj0 uses transition:AmountisAccepted
2016-11-21 04:18:07 EXEC TRACE - ATM@obj0 enters state:OutputMoney
2016-11-21 04:18:17 EXEC TRACE - ATM@obj0 processes signal:done
2016-11-21 04:18:17 EXEC TRACE - ATM@obj0 leaves state:OutputMoney
2016-11-21 04:18:17 EXEC TRACE - ATM@obj0 uses transition:BackToReady2
2016-11-21 04:18:17 EXEC TRACE - ATM@obj0 enters state:OutputCard
2016-11-21 04:18:18 EXEC TRACE - ATM@obj0 processes signal:done
2016-11-21 04:18:18 EXEC TRACE - ATM@obj0 leaves state:OutputCard
2016-11-21 04:18:18 EXEC TRACE - ATM@obj0 uses transition:BackToReady
2016-11-21 04:18:18 EXEC TRACE - ATM@obj0 enters state:Ready
2016-11-21 04:18:19 EXEC TRACE - ATM@obj0 processes signal:InsertCard
2016-11-21 04:18:19 EXEC TRACE - ATM@obj0 leaves state:Ready
2016-11-21 04:18:19 EXEC TRACE - ATM@obj0 uses transition:BankCardInserted
2016-11-21 04:18:19 EXEC TRACE - ATM@obj0 enters state:RetrieveBankCardinfo
2016-11-21 04:18:22 EXEC TRACE - ATM@obj0 processes signal:infoEntered
2016-11-21 04:18:22 EXEC TRACE - ATM@obj0 leaves state:RetrieveBankCardinfo
2016-11-21 04:18:22 EXEC TRACE - ATM@obj0 uses transition:PinCodeEntered
2016-11-21 04:18:22 EXEC TRACE - ATM@obj0 enters choice:CheckPinCode
2016-11-21 04:18:22 EXEC TRACE - ATM@obj0 leaves choice:CheckPinCode
2016-11-21 04:18:22 EXEC TRACE - ATM@obj0 uses transition:CheckPinTrue
2016-11-21 04:18:22 EXEC TRACE - ATM@obj0 enters state:ChooseService
2016-11-21 04:18:24 EXEC TRACE - ATM@obj0 processes signal:infoEntered
2016-11-21 04:18:24 EXEC TRACE - ATM@obj0 leaves state:ChooseService
2016-11-21 04:18:24 EXEC TRACE - ATM@obj0 uses transition:SelectedChoice
2016-11-21 04:18:24 EXEC TRACE - ATM@obj0 enters choice:ServiceChosen
2016-11-21 04:18:24 EXEC TRACE - ATM@obj0 leaves choice:ServiceChosen
2016-11-21 04:18:24 EXEC TRACE - ATM@obj0 uses transition:WithdrawalService
2016-11-21 04:18:24 EXEC TRACE - ATM@obj0 enters state:Withdrawal
2016-11-21 04:31:31 EXEC TRACE - Model executor started.
2016-11-21 04:31:31 EXEC TRACE - ATM@obj0 leaves initial:Init
2016-11-21 04:31:31 EXEC TRACE - ATM@obj0 uses transition:InitReady
2016-11-21 04:31:31 EXEC TRACE - ATM@obj0 enters state:Ready
2016-11-21 04:31:36 EXEC TRACE - ATM@obj0 processes signal:InsertCard
2016-11-21 04:31:36 EXEC TRACE - ATM@obj0 leaves state:Ready
2016-11-21 04:31:36 EXEC TRACE - ATM@obj0 uses transition:BankCardInserted
2016-11-21 04:31:36 EXEC TRACE - ATM@obj0 enters state:RetrieveBankCardinfo
2016-11-21 04:31:42 EXEC TRACE - ATM@obj0 processes signal:infoEntered
2016-11-21 04:31:42 EXEC TRACE - ATM@obj0 leaves state:RetrieveBankCardinfo
2016-11-21 04:31:42 EXEC TRACE - ATM@obj0 uses transition:PinCodeEntered
2016-11-21 04:31:42 EXEC TRACE - ATM@obj0 enters choice:CheckPinCode
2016-11-21 04:31:42 EXEC TRACE - ATM@obj0 leaves choice:CheckPinCode
2016-11-21 04:31:42 EXEC TRACE - ATM@obj0 uses transition:CheckPinTrue
2016-11-21 04:31:42 EXEC TRACE - ATM@obj0 enters state:ChooseService
2016-11-21 04:31:44 EXEC TRACE - ATM@obj0 processes signal:infoEntered
2016-11-21 04:31:44 EXEC TRACE - ATM@obj0 leaves state:ChooseService
2016-11-21 04:31:44 EXEC TRACE - ATM@obj0 uses transition:SelectedChoice
2016-11-21 04:31:44 EXEC TRACE - ATM@obj0 enters choice:ServiceChosen
2016-11-21 04:31:44 EXEC TRACE - ATM@obj0 leaves choice:ServiceChosen
2016-11-21 04:31:44 EXEC TRACE - ATM@obj0 uses transition:MobileServiceChosen
2016-11-21 04:31:44 EXEC TRACE - ATM@obj0 enters state:Enternumber
2016-11-21 04:31:52 EXEC TRACE - ATM@obj0 processes signal:infoEntered
2016-11-21 04:31:52 EXEC TRACE - ATM@obj0 leaves state:Enternumber
2016-11-21 04:31:52 EXEC TRACE - ATM@obj0 uses transition:MobileAmountWanted
2016-11-21 04:31:52 EXEC TRACE - ATM@obj0 enters state:Enteramount
2016-11-21 04:31:58 EXEC TRACE - ATM@obj0 processes signal:done
2016-11-21 04:31:58 EXEC  WARN - A signal arrived to model object ATM@obj0 but it was not processed by the object's state machine. The signal was: signal:done
2016-11-21 04:32:00 EXEC TRACE - ATM@obj0 processes signal:infoEntered
2016-11-21 04:32:00 EXEC TRACE - ATM@obj0 leaves state:Enteramount
2016-11-21 04:32:00 EXEC TRACE - ATM@obj0 uses transition:GetMobileCredit
2016-11-21 04:32:00 EXEC TRACE - ATM@obj0 enters state:mobileTopUp
2016-11-21 04:32:08 EXEC TRACE - ATM@obj0 processes signal:infoEntered
2016-11-21 04:32:08 EXEC  WARN - A signal arrived to model object ATM@obj0 but it was not processed by the object's state machine. The signal was: signal:infoEntered
2016-11-21 04:32:58 EXEC TRACE - Model executor started.
2016-11-21 04:32:59 EXEC TRACE - ATM@obj0 leaves initial:Init
2016-11-21 04:32:59 EXEC TRACE - ATM@obj0 uses transition:InitReady
2016-11-21 04:32:59 EXEC TRACE - ATM@obj0 enters state:Ready
2016-11-21 04:33:01 EXEC TRACE - ATM@obj0 processes signal:InsertCard
2016-11-21 04:33:01 EXEC TRACE - ATM@obj0 leaves state:Ready
2016-11-21 04:33:01 EXEC TRACE - ATM@obj0 uses transition:BankCardInserted
2016-11-21 04:33:01 EXEC TRACE - ATM@obj0 enters state:RetrieveBankCardinfo
2016-11-21 04:33:03 EXEC TRACE - ATM@obj0 processes signal:infoEntered
2016-11-21 04:33:03 EXEC TRACE - ATM@obj0 leaves state:RetrieveBankCardinfo
2016-11-21 04:33:03 EXEC TRACE - ATM@obj0 uses transition:PinCodeEntered
2016-11-21 04:33:03 EXEC TRACE - ATM@obj0 enters choice:CheckPinCode
2016-11-21 04:33:03 EXEC TRACE - ATM@obj0 leaves choice:CheckPinCode
2016-11-21 04:33:03 EXEC TRACE - ATM@obj0 uses transition:CheckPinTrue
2016-11-21 04:33:03 EXEC TRACE - ATM@obj0 enters state:ChooseService
2016-11-21 04:33:05 EXEC TRACE - ATM@obj0 processes signal:infoEntered
2016-11-21 04:33:05 EXEC TRACE - ATM@obj0 leaves state:ChooseService
2016-11-21 04:33:05 EXEC TRACE - ATM@obj0 uses transition:SelectedChoice
2016-11-21 04:33:05 EXEC TRACE - ATM@obj0 enters choice:ServiceChosen
2016-11-21 04:33:05 EXEC TRACE - ATM@obj0 leaves choice:ServiceChosen
2016-11-21 04:33:05 EXEC TRACE - ATM@obj0 uses transition:MobileServiceChosen
2016-11-21 04:33:05 EXEC TRACE - ATM@obj0 enters state:Enternumber
2016-11-21 04:33:10 EXEC TRACE - ATM@obj0 processes signal:infoEntered
2016-11-21 04:33:10 EXEC TRACE - ATM@obj0 leaves state:Enternumber
2016-11-21 04:33:10 EXEC TRACE - ATM@obj0 uses transition:MobileAmountWanted
2016-11-21 04:33:10 EXEC TRACE - ATM@obj0 enters state:Enteramount
2016-11-21 04:33:14 EXEC TRACE - ATM@obj0 processes signal:infoEntered
2016-11-21 04:33:14 EXEC TRACE - ATM@obj0 leaves state:Enteramount
2016-11-21 04:33:14 EXEC TRACE - ATM@obj0 uses transition:GetMobileCredit
2016-11-21 04:33:14 EXEC TRACE - ATM@obj0 enters state:mobileTopUp
2016-11-21 04:33:25 EXEC TRACE - ATM@obj0 processes signal:done
2016-11-21 04:33:25 EXEC TRACE - ATM@obj0 leaves state:mobileTopUp
2016-11-21 04:33:25 EXEC TRACE - ATM@obj0 uses transition:BackToReady4
2016-11-21 04:33:25 EXEC TRACE - ATM@obj0 enters state:OutputCard
2016-11-21 04:33:32 EXEC TRACE - ATM@obj0 processes signal:done
2016-11-21 04:33:32 EXEC TRACE - ATM@obj0 leaves state:OutputCard
2016-11-21 04:33:32 EXEC TRACE - ATM@obj0 uses transition:BackToReady
2016-11-21 04:33:32 EXEC TRACE - ATM@obj0 enters state:Ready
2016-11-21 04:33:32 EXEC TRACE - ATM@obj0 processes signal:done
2016-11-21 04:33:32 EXEC  WARN - A signal arrived to model object ATM@obj0 but it was not processed by the object's state machine. The signal was: signal:done
2016-11-21 04:38:28 EXEC TRACE - Model executor started.
2016-11-21 04:38:29 EXEC TRACE - ATM@obj0 leaves initial:Init
2016-11-21 04:38:29 EXEC TRACE - ATM@obj0 uses transition:InitReady
2016-11-21 04:38:29 EXEC TRACE - ATM@obj0 enters state:Ready
2016-11-21 04:38:31 EXEC TRACE - ATM@obj0 processes signal:InsertCard
2016-11-21 04:38:31 EXEC TRACE - ATM@obj0 leaves state:Ready
2016-11-21 04:38:31 EXEC TRACE - ATM@obj0 uses transition:BankCardInserted
2016-11-21 04:38:31 EXEC TRACE - ATM@obj0 enters state:RetrieveBankCardinfo
2016-11-21 04:38:37 EXEC TRACE - ATM@obj0 processes signal:infoEntered
2016-11-21 04:38:37 EXEC TRACE - ATM@obj0 leaves state:RetrieveBankCardinfo
2016-11-21 04:38:37 EXEC TRACE - ATM@obj0 uses transition:PinCodeEntered
2016-11-21 04:38:37 EXEC TRACE - ATM@obj0 enters choice:CheckPinCode
2016-11-21 04:38:37 EXEC TRACE - ATM@obj0 leaves choice:CheckPinCode
2016-11-21 04:38:37 EXEC TRACE - ATM@obj0 uses transition:CheckPinFalse
2016-11-21 04:38:37 EXEC TRACE - ATM@obj0 enters state:OutputCard
2016-11-21 04:38:42 EXEC TRACE - ATM@obj0 processes signal:infoEntered
2016-11-21 04:38:42 EXEC  WARN - A signal arrived to model object ATM@obj0 but it was not processed by the object's state machine. The signal was: signal:infoEntered
2016-11-21 04:38:49 EXEC TRACE - ATM@obj0 processes signal:done
2016-11-21 04:38:49 EXEC TRACE - ATM@obj0 leaves state:OutputCard
2016-11-21 04:38:49 EXEC TRACE - ATM@obj0 uses transition:BackToReady
2016-11-21 04:38:49 EXEC TRACE - ATM@obj0 enters state:Ready
2016-11-21 04:38:53 EXEC TRACE - ATM@obj0 processes signal:InsertCard
2016-11-21 04:38:53 EXEC TRACE - ATM@obj0 leaves state:Ready
2016-11-21 04:38:53 EXEC TRACE - ATM@obj0 uses transition:BankCardInserted
2016-11-21 04:38:53 EXEC TRACE - ATM@obj0 enters state:RetrieveBankCardinfo
2016-11-21 04:38:57 EXEC TRACE - ATM@obj0 processes signal:infoEntered
2016-11-21 04:38:57 EXEC TRACE - ATM@obj0 leaves state:RetrieveBankCardinfo
2016-11-21 04:38:57 EXEC TRACE - ATM@obj0 uses transition:PinCodeEntered
2016-11-21 04:38:57 EXEC TRACE - ATM@obj0 enters choice:CheckPinCode
2016-11-21 04:38:57 EXEC TRACE - ATM@obj0 leaves choice:CheckPinCode
2016-11-21 04:38:57 EXEC TRACE - ATM@obj0 uses transition:CheckPinFalse
2016-11-21 04:38:57 EXEC TRACE - ATM@obj0 enters state:OutputCard
2016-11-21 04:39:00 EXEC TRACE - ATM@obj0 processes signal:infoEntered
2016-11-21 04:39:00 EXEC  WARN - A signal arrived to model object ATM@obj0 but it was not processed by the object's state machine. The signal was: signal:infoEntered
2016-11-21 04:39:01 EXEC TRACE - ATM@obj0 processes signal:infoEntered
2016-11-21 04:39:01 EXEC  WARN - A signal arrived to model object ATM@obj0 but it was not processed by the object's state machine. The signal was: signal:infoEntered
2016-11-21 04:39:02 EXEC TRACE - ATM@obj0 processes signal:infoEntered
2016-11-21 04:39:02 EXEC  WARN - A signal arrived to model object ATM@obj0 but it was not processed by the object's state machine. The signal was: signal:infoEntered
2016-11-21 04:39:02 EXEC TRACE - ATM@obj0 processes signal:infoEntered
2016-11-21 04:39:02 EXEC  WARN - A signal arrived to model object ATM@obj0 but it was not processed by the object's state machine. The signal was: signal:infoEntered
2016-11-21 04:39:09 EXEC TRACE - ATM@obj0 processes signal:InsertCard
2016-11-21 04:39:09 EXEC  WARN - A signal arrived to model object ATM@obj0 but it was not processed by the object's state machine. The signal was: signal:InsertCard
2016-11-21 04:39:11 EXEC TRACE - ATM@obj0 processes signal:done
2016-11-21 04:39:11 EXEC TRACE - ATM@obj0 leaves state:OutputCard
2016-11-21 04:39:11 EXEC TRACE - ATM@obj0 uses transition:BackToReady
2016-11-21 04:39:11 EXEC TRACE - ATM@obj0 enters state:Ready
2016-11-21 04:39:12 EXEC TRACE - ATM@obj0 processes signal:InsertCard
2016-11-21 04:39:12 EXEC TRACE - ATM@obj0 leaves state:Ready
2016-11-21 04:39:12 EXEC TRACE - ATM@obj0 uses transition:BankCardInserted
2016-11-21 04:39:12 EXEC TRACE - ATM@obj0 enters state:RetrieveBankCardinfo
2016-11-21 04:39:16 EXEC TRACE - ATM@obj0 processes signal:done
2016-11-21 04:39:16 EXEC  WARN - A signal arrived to model object ATM@obj0 but it was not processed by the object's state machine. The signal was: signal:done
2016-11-21 04:39:17 EXEC TRACE - ATM@obj0 processes signal:infoEntered
2016-11-21 04:39:17 EXEC TRACE - ATM@obj0 leaves state:RetrieveBankCardinfo
2016-11-21 04:39:17 EXEC TRACE - ATM@obj0 uses transition:PinCodeEntered
2016-11-21 04:39:17 EXEC TRACE - ATM@obj0 enters choice:CheckPinCode
2016-11-21 04:39:17 EXEC TRACE - ATM@obj0 leaves choice:CheckPinCode
2016-11-21 04:39:17 EXEC TRACE - ATM@obj0 uses transition:CheckPinFalse
2016-11-21 04:39:17 EXEC TRACE - ATM@obj0 enters state:OutputCard
2016-11-21 04:40:07 EXEC TRACE - Model executor started.
2016-11-21 04:40:07 EXEC TRACE - ATM@obj0 leaves initial:Init
2016-11-21 04:40:07 EXEC TRACE - ATM@obj0 uses transition:InitReady
2016-11-21 04:40:07 EXEC TRACE - ATM@obj0 enters state:Ready
2016-11-21 04:40:09 EXEC TRACE - ATM@obj0 processes signal:InsertCard
2016-11-21 04:40:09 EXEC TRACE - ATM@obj0 leaves state:Ready
2016-11-21 04:40:09 EXEC TRACE - ATM@obj0 uses transition:BankCardInserted
2016-11-21 04:40:09 EXEC TRACE - ATM@obj0 enters state:RetrieveBankCardinfo
2016-11-21 04:40:13 EXEC TRACE - ATM@obj0 processes signal:infoEntered
2016-11-21 04:40:13 EXEC TRACE - ATM@obj0 leaves state:RetrieveBankCardinfo
2016-11-21 04:40:13 EXEC TRACE - ATM@obj0 uses transition:PinCodeEntered
2016-11-21 04:40:13 EXEC TRACE - ATM@obj0 enters choice:CheckPinCode
2016-11-21 04:40:13 EXEC TRACE - ATM@obj0 leaves choice:CheckPinCode
2016-11-21 04:40:13 EXEC TRACE - ATM@obj0 uses transition:CheckPinFalse
2016-11-21 04:40:13 EXEC TRACE - ATM@obj0 enters state:OutputCard
2016-11-21 04:40:23 EXEC TRACE - Model executor started.
2016-11-21 04:40:24 EXEC TRACE - ATM@obj0 leaves initial:Init
2016-11-21 04:40:24 EXEC TRACE - ATM@obj0 uses transition:InitReady
2016-11-21 04:40:24 EXEC TRACE - ATM@obj0 enters state:Ready
2016-11-21 04:40:26 EXEC TRACE - ATM@obj0 processes signal:InsertCard
2016-11-21 04:40:26 EXEC TRACE - ATM@obj0 leaves state:Ready
2016-11-21 04:40:26 EXEC TRACE - ATM@obj0 uses transition:BankCardInserted
2016-11-21 04:40:26 EXEC TRACE - ATM@obj0 enters state:RetrieveBankCardinfo
2016-11-21 04:40:52 EXEC TRACE - ATM@obj0 processes signal:infoEntered
2016-11-21 04:40:52 EXEC TRACE - ATM@obj0 leaves state:RetrieveBankCardinfo
2016-11-21 04:40:52 EXEC TRACE - ATM@obj0 uses transition:PinCodeEntered
2016-11-21 04:40:52 EXEC TRACE - ATM@obj0 enters choice:CheckPinCode
2016-11-21 04:40:52 EXEC TRACE - ATM@obj0 leaves choice:CheckPinCode
2016-11-21 04:40:52 EXEC TRACE - ATM@obj0 uses transition:CheckPinFalse
2016-11-21 04:40:52 EXEC TRACE - ATM@obj0 enters state:OutputCard
2016-11-21 04:41:28 EXEC TRACE - ATM@obj0 processes signal:done
2016-11-21 04:41:28 EXEC TRACE - ATM@obj0 leaves state:OutputCard
2016-11-21 04:41:28 EXEC TRACE - ATM@obj0 uses transition:BackToReady
2016-11-21 04:41:28 EXEC TRACE - ATM@obj0 enters state:Ready
2016-11-21 04:41:31 EXEC TRACE - ATM@obj0 processes signal:InsertCard
2016-11-21 04:41:31 EXEC TRACE - ATM@obj0 leaves state:Ready
2016-11-21 04:41:31 EXEC TRACE - ATM@obj0 uses transition:BankCardInserted
2016-11-21 04:41:31 EXEC TRACE - ATM@obj0 enters state:RetrieveBankCardinfo
2016-11-21 04:41:44 EXEC TRACE - ATM@obj0 processes signal:infoEntered
2016-11-21 04:41:44 EXEC TRACE - ATM@obj0 leaves state:RetrieveBankCardinfo
2016-11-21 04:41:44 EXEC TRACE - ATM@obj0 uses transition:PinCodeEntered
2016-11-21 04:41:44 EXEC TRACE - ATM@obj0 enters choice:CheckPinCode
2016-11-21 04:41:44 EXEC TRACE - ATM@obj0 leaves choice:CheckPinCode
2016-11-21 04:41:44 EXEC TRACE - ATM@obj0 uses transition:CheckPinFalse
2016-11-21 04:41:44 EXEC TRACE - ATM@obj0 enters state:OutputCard
2016-11-21 04:42:30 EXEC TRACE - Model executor started.
2016-11-21 04:42:31 EXEC TRACE - ATM@obj0 leaves initial:Init
2016-11-21 04:42:31 EXEC TRACE - ATM@obj0 uses transition:InitReady
2016-11-21 04:42:31 EXEC TRACE - ATM@obj0 enters state:Ready
2016-11-21 04:42:39 EXEC TRACE - ATM@obj0 processes signal:done
2016-11-21 04:42:39 EXEC  WARN - A signal arrived to model object ATM@obj0 but it was not processed by the object's state machine. The signal was: signal:done
2016-11-21 04:42:40 EXEC TRACE - ATM@obj0 processes signal:infoEntered
2016-11-21 04:42:40 EXEC  WARN - A signal arrived to model object ATM@obj0 but it was not processed by the object's state machine. The signal was: signal:infoEntered
2016-11-21 04:42:49 EXEC TRACE - ATM@obj0 processes signal:infoEntered
2016-11-21 04:42:49 EXEC  WARN - A signal arrived to model object ATM@obj0 but it was not processed by the object's state machine. The signal was: signal:infoEntered
2016-11-21 04:42:53 EXEC TRACE - ATM@obj0 processes signal:done
2016-11-21 04:42:53 EXEC  WARN - A signal arrived to model object ATM@obj0 but it was not processed by the object's state machine. The signal was: signal:done
2016-11-21 04:42:54 EXEC TRACE - ATM@obj0 processes signal:infoEntered
2016-11-21 04:42:54 EXEC  WARN - A signal arrived to model object ATM@obj0 but it was not processed by the object's state machine. The signal was: signal:infoEntered
2016-11-21 04:42:56 EXEC TRACE - ATM@obj0 processes signal:InsertCard
2016-11-21 04:42:56 EXEC TRACE - ATM@obj0 leaves state:Ready
2016-11-21 04:42:56 EXEC TRACE - ATM@obj0 uses transition:BankCardInserted
2016-11-21 04:42:56 EXEC TRACE - ATM@obj0 enters state:RetrieveBankCardinfo
2016-11-21 04:42:58 EXEC TRACE - ATM@obj0 processes signal:infoEntered
2016-11-21 04:42:58 EXEC TRACE - ATM@obj0 leaves state:RetrieveBankCardinfo
2016-11-21 04:42:58 EXEC TRACE - ATM@obj0 uses transition:PinCodeEntered
2016-11-21 04:42:58 EXEC TRACE - ATM@obj0 enters choice:CheckPinCode
2016-11-21 04:42:58 EXEC TRACE - ATM@obj0 leaves choice:CheckPinCode
2016-11-21 04:42:58 EXEC TRACE - ATM@obj0 uses transition:CheckPinFalse
2016-11-21 04:42:58 EXEC TRACE - ATM@obj0 enters state:OutputCard
2016-11-21 04:44:13 EXEC TRACE - Model executor started.
2016-11-21 04:44:13 EXEC TRACE - ATM@obj0 leaves initial:Init
2016-11-21 04:44:13 EXEC TRACE - ATM@obj0 uses transition:InitReady
2016-11-21 04:44:13 EXEC TRACE - ATM@obj0 enters state:Ready
2016-11-21 04:44:17 EXEC TRACE - ATM@obj0 processes signal:InsertCard
2016-11-21 04:44:17 EXEC TRACE - ATM@obj0 leaves state:Ready
2016-11-21 04:44:17 EXEC TRACE - ATM@obj0 uses transition:BankCardInserted
2016-11-21 04:44:17 EXEC TRACE - ATM@obj0 enters state:RetrieveBankCardinfo
2016-11-21 04:44:19 EXEC TRACE - ATM@obj0 processes signal:infoEntered
2016-11-21 04:44:19 EXEC TRACE - ATM@obj0 leaves state:RetrieveBankCardinfo
2016-11-21 04:44:19 EXEC TRACE - ATM@obj0 uses transition:PinCodeEntered
2016-11-21 04:44:19 EXEC TRACE - ATM@obj0 enters choice:CheckPinCode
2016-11-21 04:44:19 EXEC TRACE - ATM@obj0 leaves choice:CheckPinCode
2016-11-21 04:44:19 EXEC TRACE - ATM@obj0 uses transition:CheckPinFalse
2016-11-21 04:44:19 EXEC TRACE - ATM@obj0 enters state:OutputCard
2016-11-21 04:46:00 EXEC TRACE - Model executor started.
2016-11-21 04:46:01 EXEC TRACE - ATM@obj0 leaves initial:Init
2016-11-21 04:46:01 EXEC TRACE - ATM@obj0 uses transition:InitReady
2016-11-21 04:46:01 EXEC TRACE - ATM@obj0 enters state:Ready
2016-11-21 04:46:05 EXEC TRACE - ATM@obj0 processes signal:InsertCard
2016-11-21 04:46:05 EXEC TRACE - ATM@obj0 leaves state:Ready
2016-11-21 04:46:05 EXEC TRACE - ATM@obj0 uses transition:BankCardInserted
2016-11-21 04:46:05 EXEC TRACE - ATM@obj0 enters state:RetrieveBankCardinfo
2016-11-21 04:46:07 EXEC TRACE - ATM@obj0 processes signal:infoEntered
2016-11-21 04:46:07 EXEC TRACE - ATM@obj0 leaves state:RetrieveBankCardinfo
2016-11-21 04:46:07 EXEC TRACE - ATM@obj0 uses transition:PinCodeEntered
2016-11-21 04:46:07 EXEC TRACE - ATM@obj0 enters choice:CheckPinCode
2016-11-21 04:46:07 EXEC TRACE - ATM@obj0 leaves choice:CheckPinCode
2016-11-21 04:46:07 EXEC TRACE - ATM@obj0 uses transition:CheckPinTrue
2016-11-21 04:46:07 EXEC TRACE - ATM@obj0 enters state:ChooseService
2016-11-21 04:46:13 EXEC TRACE - ATM@obj0 processes signal:infoEntered
2016-11-21 04:46:13 EXEC TRACE - ATM@obj0 leaves state:ChooseService
2016-11-21 04:46:13 EXEC TRACE - ATM@obj0 uses transition:SelectedChoice
2016-11-21 04:46:13 EXEC TRACE - ATM@obj0 enters choice:ServiceChosen
2016-11-21 04:46:13 EXEC TRACE - ATM@obj0 leaves choice:ServiceChosen
2016-11-21 04:46:13 EXEC TRACE - ATM@obj0 uses transition:WithdrawalService
2016-11-21 04:46:13 EXEC TRACE - ATM@obj0 enters state:Withdrawal
2016-11-21 04:46:19 EXEC TRACE - ATM@obj0 processes signal:infoEntered
2016-11-21 04:46:19 EXEC TRACE - ATM@obj0 leaves state:Withdrawal
2016-11-21 04:46:19 EXEC TRACE - ATM@obj0 uses transition:ChooseAmount
2016-11-21 04:46:19 EXEC TRACE - ATM@obj0 enters choice:CheckAmountPossible
2016-11-21 04:46:19 EXEC TRACE - ATM@obj0 leaves choice:CheckAmountPossible
2016-11-21 04:46:19 EXEC TRACE - ATM@obj0 uses transition:AmountisAccepted
2016-11-21 04:46:19 EXEC TRACE - ATM@obj0 enters state:OutputMoney
2016-11-21 04:46:21 EXEC TRACE - ATM@obj0 processes signal:done
2016-11-21 04:46:21 EXEC TRACE - ATM@obj0 leaves state:OutputMoney
2016-11-21 04:46:21 EXEC TRACE - ATM@obj0 uses transition:BackToReady2
2016-11-21 04:46:21 EXEC TRACE - ATM@obj0 enters state:OutputCard
2016-11-21 04:46:22 EXEC TRACE - ATM@obj0 processes signal:done
2016-11-21 04:46:22 EXEC TRACE - ATM@obj0 leaves state:OutputCard
2016-11-21 04:46:22 EXEC TRACE - ATM@obj0 uses transition:BackToReady
2016-11-21 04:46:22 EXEC TRACE - ATM@obj0 enters state:Ready
2016-11-21 04:46:23 EXEC TRACE - ATM@obj0 processes signal:InsertCard
2016-11-21 04:46:23 EXEC TRACE - ATM@obj0 leaves state:Ready
2016-11-21 04:46:23 EXEC TRACE - ATM@obj0 uses transition:BankCardInserted
2016-11-21 04:46:23 EXEC TRACE - ATM@obj0 enters state:RetrieveBankCardinfo
2016-11-21 04:46:29 EXEC TRACE - ATM@obj0 processes signal:infoEntered
2016-11-21 04:46:29 EXEC TRACE - ATM@obj0 leaves state:RetrieveBankCardinfo
2016-11-21 04:46:29 EXEC TRACE - ATM@obj0 uses transition:PinCodeEntered
2016-11-21 04:46:29 EXEC TRACE - ATM@obj0 enters choice:CheckPinCode
2016-11-21 04:46:29 EXEC TRACE - ATM@obj0 leaves choice:CheckPinCode
2016-11-21 04:46:29 EXEC TRACE - ATM@obj0 uses transition:CheckPinTrue
2016-11-21 04:46:29 EXEC TRACE - ATM@obj0 enters state:ChooseService
2016-11-21 04:46:32 EXEC TRACE - ATM@obj0 processes signal:infoEntered
2016-11-21 04:46:32 EXEC TRACE - ATM@obj0 leaves state:ChooseService
2016-11-21 04:46:32 EXEC TRACE - ATM@obj0 uses transition:SelectedChoice
2016-11-21 04:46:32 EXEC TRACE - ATM@obj0 enters choice:ServiceChosen
2016-11-21 04:46:32 EXEC TRACE - ATM@obj0 leaves choice:ServiceChosen
2016-11-21 04:46:32 EXEC TRACE - ATM@obj0 uses transition:BalanceInfo
2016-11-21 04:46:32 EXEC TRACE - ATM@obj0 enters state:printBalanceInfo
2016-11-21 04:46:34 EXEC TRACE - ATM@obj0 processes signal:done
2016-11-21 04:46:34 EXEC TRACE - ATM@obj0 leaves state:printBalanceInfo
2016-11-21 04:46:34 EXEC TRACE - ATM@obj0 uses transition:BackToReady3
2016-11-21 04:46:34 EXEC TRACE - ATM@obj0 enters state:OutputCard
2016-11-21 04:46:34 EXEC TRACE - ATM@obj0 processes signal:done
2016-11-21 04:46:34 EXEC TRACE - ATM@obj0 leaves state:OutputCard
2016-11-21 04:46:34 EXEC TRACE - ATM@obj0 uses transition:BackToReady
2016-11-21 04:46:34 EXEC TRACE - ATM@obj0 enters state:Ready
2016-11-21 04:46:44 EXEC TRACE - ATM@obj0 processes signal:done
2016-11-21 04:46:44 EXEC  WARN - A signal arrived to model object ATM@obj0 but it was not processed by the object's state machine. The signal was: signal:done
2016-11-21 04:46:46 EXEC TRACE - ATM@obj0 processes signal:InsertCard
2016-11-21 04:46:46 EXEC TRACE - ATM@obj0 leaves state:Ready
2016-11-21 04:46:46 EXEC TRACE - ATM@obj0 uses transition:BankCardInserted
2016-11-21 04:46:46 EXEC TRACE - ATM@obj0 enters state:RetrieveBankCardinfo
2016-11-21 04:46:50 EXEC TRACE - ATM@obj0 processes signal:infoEntered
2016-11-21 04:46:50 EXEC TRACE - ATM@obj0 leaves state:RetrieveBankCardinfo
2016-11-21 04:46:50 EXEC TRACE - ATM@obj0 uses transition:PinCodeEntered
2016-11-21 04:46:50 EXEC TRACE - ATM@obj0 enters choice:CheckPinCode
2016-11-21 04:46:50 EXEC TRACE - ATM@obj0 leaves choice:CheckPinCode
2016-11-21 04:46:50 EXEC TRACE - ATM@obj0 uses transition:CheckPinTrue
2016-11-21 04:46:50 EXEC TRACE - ATM@obj0 enters state:ChooseService
2016-11-21 04:46:52 EXEC TRACE - ATM@obj0 processes signal:infoEntered
2016-11-21 04:46:52 EXEC TRACE - ATM@obj0 leaves state:ChooseService
2016-11-21 04:46:52 EXEC TRACE - ATM@obj0 uses transition:SelectedChoice
2016-11-21 04:46:52 EXEC TRACE - ATM@obj0 enters choice:ServiceChosen
2016-11-21 04:46:52 EXEC TRACE - ATM@obj0 leaves choice:ServiceChosen
2016-11-21 04:46:52 EXEC TRACE - ATM@obj0 uses transition:MobileServiceChosen
2016-11-21 04:46:52 EXEC TRACE - ATM@obj0 enters state:Enternumber
2016-11-21 04:46:57 EXEC TRACE - ATM@obj0 processes signal:infoEntered
2016-11-21 04:46:57 EXEC TRACE - ATM@obj0 leaves state:Enternumber
2016-11-21 04:46:57 EXEC TRACE - ATM@obj0 uses transition:MobileAmountWanted
2016-11-21 04:46:57 EXEC TRACE - ATM@obj0 enters state:Enteramount
2016-11-21 04:47:00 EXEC TRACE - ATM@obj0 processes signal:infoEntered
2016-11-21 04:47:00 EXEC TRACE - ATM@obj0 leaves state:Enteramount
2016-11-21 04:47:00 EXEC TRACE - ATM@obj0 uses transition:GetMobileCredit
2016-11-21 04:47:00 EXEC TRACE - ATM@obj0 enters state:mobileTopUp
2016-11-21 04:47:02 EXEC TRACE - ATM@obj0 processes signal:done
2016-11-21 04:47:02 EXEC TRACE - ATM@obj0 leaves state:mobileTopUp
2016-11-21 04:47:02 EXEC TRACE - ATM@obj0 uses transition:BackToReady4
2016-11-21 04:47:02 EXEC TRACE - ATM@obj0 enters state:OutputCard
2016-11-21 04:47:11 EXEC TRACE - ATM@obj0 processes signal:done
2016-11-21 04:47:11 EXEC TRACE - ATM@obj0 leaves state:OutputCard
2016-11-21 04:47:11 EXEC TRACE - ATM@obj0 uses transition:BackToReady
2016-11-21 04:47:11 EXEC TRACE - ATM@obj0 enters state:Ready
2016-11-21 04:47:14 EXEC TRACE - ATM@obj0 processes signal:done
2016-11-21 04:47:14 EXEC  WARN - A signal arrived to model object ATM@obj0 but it was not processed by the object's state machine. The signal was: signal:done
2016-11-21 04:47:15 EXEC TRACE - ATM@obj0 processes signal:InsertCard
2016-11-21 04:47:15 EXEC TRACE - ATM@obj0 leaves state:Ready
2016-11-21 04:47:15 EXEC TRACE - ATM@obj0 uses transition:BankCardInserted
2016-11-21 04:47:15 EXEC TRACE - ATM@obj0 enters state:RetrieveBankCardinfo
2016-11-21 04:48:57 EXEC TRACE - Model executor started.
2016-11-21 04:48:57 EXEC TRACE - ATM@obj0 leaves initial:Init
2016-11-21 04:48:57 EXEC TRACE - ATM@obj0 uses transition:InitReady
2016-11-21 04:48:57 EXEC TRACE - ATM@obj0 enters state:Ready
2016-11-21 04:49:00 EXEC TRACE - ATM@obj0 processes signal:InsertCard
2016-11-21 04:49:00 EXEC TRACE - ATM@obj0 leaves state:Ready
2016-11-21 04:49:00 EXEC TRACE - ATM@obj0 uses transition:BankCardInserted
2016-11-21 04:49:00 EXEC TRACE - ATM@obj0 enters state:RetrieveBankCardinfo
2016-11-21 04:49:02 EXEC TRACE - ATM@obj0 processes signal:infoEntered
2016-11-21 04:49:02 EXEC TRACE - ATM@obj0 leaves state:RetrieveBankCardinfo
2016-11-21 04:49:02 EXEC TRACE - ATM@obj0 uses transition:PinCodeEntered
2016-11-21 04:49:02 EXEC TRACE - ATM@obj0 enters choice:CheckPinCode
2016-11-21 04:49:02 EXEC TRACE - ATM@obj0 leaves choice:CheckPinCode
2016-11-21 04:49:02 EXEC TRACE - ATM@obj0 uses transition:CheckPinTrue
2016-11-21 04:49:02 EXEC TRACE - ATM@obj0 enters state:ChooseService
2016-11-21 04:49:04 EXEC TRACE - ATM@obj0 processes signal:infoEntered
2016-11-21 04:49:04 EXEC TRACE - ATM@obj0 leaves state:ChooseService
2016-11-21 04:49:04 EXEC TRACE - ATM@obj0 uses transition:SelectedChoice
2016-11-21 04:49:04 EXEC TRACE - ATM@obj0 enters choice:ServiceChosen
2016-11-21 04:49:04 EXEC TRACE - ATM@obj0 leaves choice:ServiceChosen
2016-11-21 04:49:04 EXEC TRACE - ATM@obj0 uses transition:MobileServiceChosen
2016-11-21 04:49:04 EXEC TRACE - ATM@obj0 enters state:Enternumber
2016-11-21 04:49:08 EXEC TRACE - ATM@obj0 processes signal:infoEntered
2016-11-21 04:49:08 EXEC TRACE - ATM@obj0 leaves state:Enternumber
2016-11-21 04:49:08 EXEC TRACE - ATM@obj0 uses transition:MobileAmountWanted
2016-11-21 04:49:08 EXEC TRACE - ATM@obj0 enters state:Enteramount
2016-11-21 04:49:13 EXEC TRACE - ATM@obj0 processes signal:infoEntered
2016-11-21 04:49:13 EXEC TRACE - ATM@obj0 leaves state:Enteramount
2016-11-21 04:49:13 EXEC TRACE - ATM@obj0 uses transition:GetMobileCredit
2016-11-21 04:49:13 EXEC TRACE - ATM@obj0 enters state:mobileTopUp
2016-11-21 04:49:14 EXEC TRACE - ATM@obj0 processes signal:done
2016-11-21 04:49:14 EXEC TRACE - ATM@obj0 leaves state:mobileTopUp
2016-11-21 04:49:14 EXEC TRACE - ATM@obj0 uses transition:BackToReady4
2016-11-21 04:49:14 EXEC TRACE - ATM@obj0 enters state:OutputCard
2016-11-21 04:49:21 EXEC TRACE - ATM@obj0 processes signal:done
2016-11-21 04:49:21 EXEC TRACE - ATM@obj0 leaves state:OutputCard
2016-11-21 04:49:21 EXEC TRACE - ATM@obj0 uses transition:BackToReady
2016-11-21 04:49:21 EXEC TRACE - ATM@obj0 enters state:Ready
2016-11-21 04:49:24 EXEC TRACE - ATM@obj0 processes signal:InsertCard
2016-11-21 04:49:24 EXEC TRACE - ATM@obj0 leaves state:Ready
2016-11-21 04:49:24 EXEC TRACE - ATM@obj0 uses transition:BankCardInserted
2016-11-21 04:49:24 EXEC TRACE - ATM@obj0 enters state:RetrieveBankCardinfo
2016-11-21 04:49:26 EXEC TRACE - ATM@obj0 processes signal:infoEntered
2016-11-21 04:49:26 EXEC TRACE - ATM@obj0 leaves state:RetrieveBankCardinfo
2016-11-21 04:49:26 EXEC TRACE - ATM@obj0 uses transition:PinCodeEntered
2016-11-21 04:49:26 EXEC TRACE - ATM@obj0 enters choice:CheckPinCode
2016-11-21 04:49:26 EXEC TRACE - ATM@obj0 leaves choice:CheckPinCode
2016-11-21 04:49:26 EXEC TRACE - ATM@obj0 uses transition:CheckPinFalse
2016-11-21 04:49:26 EXEC TRACE - ATM@obj0 enters state:OutputCard
2016-11-21 04:49:30 EXEC TRACE - ATM@obj0 processes signal:infoEntered
2016-11-21 04:49:30 EXEC  WARN - A signal arrived to model object ATM@obj0 but it was not processed by the object's state machine. The signal was: signal:infoEntered
2016-11-21 04:49:30 EXEC TRACE - ATM@obj0 processes signal:infoEntered
2016-11-21 04:49:30 EXEC  WARN - A signal arrived to model object ATM@obj0 but it was not processed by the object's state machine. The signal was: signal:infoEntered
2016-11-21 04:49:31 EXEC TRACE - ATM@obj0 processes signal:infoEntered
2016-11-21 04:49:31 EXEC  WARN - A signal arrived to model object ATM@obj0 but it was not processed by the object's state machine. The signal was: signal:infoEntered
2016-11-21 04:49:32 EXEC TRACE - ATM@obj0 processes signal:infoEntered
2016-11-21 04:49:32 EXEC  WARN - A signal arrived to model object ATM@obj0 but it was not processed by the object's state machine. The signal was: signal:infoEntered
2016-11-21 04:49:33 EXEC TRACE - ATM@obj0 processes signal:InsertCard
2016-11-21 04:49:33 EXEC  WARN - A signal arrived to model object ATM@obj0 but it was not processed by the object's state machine. The signal was: signal:InsertCard
2016-11-21 04:49:38 EXEC TRACE - ATM@obj0 processes signal:done
2016-11-21 04:49:38 EXEC TRACE - ATM@obj0 leaves state:OutputCard
2016-11-21 04:49:38 EXEC TRACE - ATM@obj0 uses transition:BackToReady
2016-11-21 04:49:38 EXEC TRACE - ATM@obj0 enters state:Ready
2016-11-21 04:49:39 EXEC TRACE - ATM@obj0 processes signal:done
2016-11-21 04:49:39 EXEC  WARN - A signal arrived to model object ATM@obj0 but it was not processed by the object's state machine. The signal was: signal:done
2016-11-21 04:49:40 EXEC TRACE - ATM@obj0 processes signal:InsertCard
2016-11-21 04:49:40 EXEC TRACE - ATM@obj0 leaves state:Ready
2016-11-21 04:49:40 EXEC TRACE - ATM@obj0 uses transition:BankCardInserted
2016-11-21 04:49:40 EXEC TRACE - ATM@obj0 enters state:RetrieveBankCardinfo
2016-11-21 04:49:41 EXEC TRACE - ATM@obj0 processes signal:infoEntered
2016-11-21 04:49:41 EXEC TRACE - ATM@obj0 leaves state:RetrieveBankCardinfo
2016-11-21 04:49:41 EXEC TRACE - ATM@obj0 uses transition:PinCodeEntered
2016-11-21 04:49:41 EXEC TRACE - ATM@obj0 enters choice:CheckPinCode
2016-11-21 04:49:41 EXEC TRACE - ATM@obj0 leaves choice:CheckPinCode
2016-11-21 04:49:41 EXEC TRACE - ATM@obj0 uses transition:CheckPinFalse
2016-11-21 04:49:41 EXEC TRACE - ATM@obj0 enters state:OutputCard
